🔍 Testing .ll files in E5...

📄 Processing qwe00.ll...
✅ COMPILED SUCCESSFULLY : E5/qwe00.ll

📄 Processing qwe01.ll...
❌ COULDNT COMPILE : E5/qwe01.ll

📄 Processing qwe02.ll...
❌ COULDNT COMPILE : E5/qwe02.ll

📄 Processing qwe03.ll...
✅ COMPILED SUCCESSFULLY : E5/qwe03.ll

📄 Processing qwe04.ll...
✅ COMPILED SUCCESSFULLY : E5/qwe04.ll

📄 Processing qwe05.ll...
❌ COULDNT COMPILE : E5/qwe05.ll

📄 Processing qwe06.ll...
✅ COMPILED SUCCESSFULLY : E5/qwe06.ll

📄 Processing qwe07.ll...
❌ COULDNT COMPILE : E5/qwe07.ll

📄 Processing qwe08.ll...
✅ COMPILED SUCCESSFULLY : E5/qwe08.ll

📄 Processing qwe09.ll...
✅ COMPILED SUCCESSFULLY : E5/qwe09.ll

📄 Processing qwe10.ll...
❌ COULDNT COMPILE : E5/qwe10.ll

📄 Processing qwe11.ll...
❌ COULDNT COMPILE : E5/qwe11.ll

📄 Processing qwe12.ll...
❌ COULDNT COMPILE : E5/qwe12.ll

📄 Processing qwe13.ll...
❌ COULDNT COMPILE : E5/qwe13.ll

📄 Processing qwe14.ll...
❌ COULDNT COMPILE : E5/qwe14.ll

📄 Processing qwe15.ll...
❌ COULDNT COMPILE : E5/qwe15.ll

📄 Processing qwe16.ll...
❌ COULDNT COMPILE : E5/qwe16.ll

📄 Processing qwe17.ll...
❌ COULDNT COMPILE : E5/qwe17.ll

📄 Processing qwe18.ll...
❌ COULDNT COMPILE : E5/qwe18.ll

📄 Processing qwe19.ll...
❌ COULDNT COMPILE : E5/qwe19.ll

📄 Processing qwe20.ll...
❌ COULDNT COMPILE : E5/qwe20.ll

📄 Processing qwe21.ll...
❌ COULDNT COMPILE : E5/qwe21.ll

📄 Processing qwe22.ll...
❌ COULDNT COMPILE : E5/qwe22.ll

📄 Processing qwe23.ll...
❌ COULDNT COMPILE : E5/qwe23.ll

📄 Processing qwe24.ll...
❌ COULDNT COMPILE : E5/qwe24.ll

📄 Processing qwe25.ll...
❌ COULDNT COMPILE : E5/qwe25.ll

📄 Processing qwe26.ll...
❌ COULDNT COMPILE : E5/qwe26.ll

📄 Processing qwe27.ll...
❌ COULDNT COMPILE : E5/qwe27.ll

📄 Processing qwe28.ll...
❌ COULDNT COMPILE : E5/qwe28.ll

📄 Processing qwe29.ll...
❌ COULDNT COMPILE : E5/qwe29.ll

📄 Processing qwe30.ll...
✅ COMPILED SUCCESSFULLY : E5/qwe30.ll

📄 Processing qwe31.ll...
✅ COMPILED SUCCESSFULLY : E5/qwe31.ll

📄 Processing qwe32.ll...
❌ COULDNT COMPILE : E5/qwe32.ll

📄 Processing qwe33.ll...
❌ COULDNT COMPILE : E5/qwe33.ll

📄 Processing qwe34.ll...
❌ COULDNT COMPILE : E5/qwe34.ll

📄 Processing qwe35.ll...
❌ COULDNT COMPILE : E5/qwe35.ll

📄 Processing qwe36.ll...
❌ COULDNT COMPILE : E5/qwe36.ll

📄 Processing qwe37.ll...
❌ COULDNT COMPILE : E5/qwe37.ll

📄 Processing qwe38.ll...
❌ COULDNT COMPILE : E5/qwe38.ll

📄 Processing qwe39.ll...
❌ COULDNT COMPILE : E5/qwe39.ll

📄 Processing qwe40.ll...
❌ COULDNT COMPILE : E5/qwe40.ll

📄 Processing qwe41.ll...
❌ COULDNT COMPILE : E5/qwe41.ll

📄 Processing qwe42.ll...
❌ COULDNT COMPILE : E5/qwe42.ll

📄 Processing qwe43.ll...
❌ COULDNT COMPILE : E5/qwe43.ll

📄 Processing qwe44.ll...
❌ COULDNT COMPILE : E5/qwe44.ll

📄 Processing qwe45.ll...
❌ COULDNT COMPILE : E5/qwe45.ll

📄 Processing qwe46.ll...
❌ COULDNT COMPILE : E5/qwe46.ll

📄 Processing qwe47.ll...
❌ COULDNT COMPILE : E5/qwe47.ll

📄 Processing qwe48.ll...
❌ COULDNT COMPILE : E5/qwe48.ll

📄 Processing qwe49.ll...
❌ COULDNT COMPILE : E5/qwe49.ll

📄 Processing qwe50.ll...
❌ COULDNT COMPILE : E5/qwe50.ll

📄 Processing qwe51.ll...
❌ COULDNT COMPILE : E5/qwe51.ll

📄 Processing qwe52.ll...
❌ COULDNT COMPILE : E5/qwe52.ll

📄 Processing qwe53.ll...
❌ COULDNT COMPILE : E5/qwe53.ll

📄 Processing qwe54.ll...
❌ COULDNT COMPILE : E5/qwe54.ll

📄 Processing qwe55.ll...
❌ COULDNT COMPILE : E5/qwe55.ll

📄 Processing qwe56.ll...
❌ COULDNT COMPILE : E5/qwe56.ll

📄 Processing qwe57.ll...
❌ COULDNT COMPILE : E5/qwe57.ll

📄 Processing qwe58.ll...
❌ COULDNT COMPILE : E5/qwe58.ll

📄 Processing qwe59.ll...
❌ COULDNT COMPILE : E5/qwe59.ll

📄 Processing qwe60.ll...
❌ COULDNT COMPILE : E5/qwe60.ll

📄 Processing qwe61.ll...
❌ COULDNT COMPILE : E5/qwe61.ll

📄 Processing qwe62.ll...
❌ COULDNT COMPILE : E5/qwe62.ll

📄 Processing qwe63.ll...
❌ COULDNT COMPILE : E5/qwe63.ll

📄 Processing qwe64.ll...
❌ COULDNT COMPILE : E5/qwe64.ll

📄 Processing qwe65.ll...
❌ COULDNT COMPILE : E5/qwe65.ll

📄 Processing qwe66.ll...
❌ COULDNT COMPILE : E5/qwe66.ll

📄 Processing qwe67.ll...
❌ COULDNT COMPILE : E5/qwe67.ll

📄 Processing qwe68.ll...
❌ COULDNT COMPILE : E5/qwe68.ll

📄 Processing qwe69.ll...
❌ COULDNT COMPILE : E5/qwe69.ll

📄 Processing qwe70.ll...
❌ COULDNT COMPILE : E5/qwe70.ll

📄 Processing qwe71.ll...
❌ COULDNT COMPILE : E5/qwe71.ll

📄 Processing qwe72.ll...
❌ COULDNT COMPILE : E5/qwe72.ll

📄 Processing qwe73.ll...
❌ COULDNT COMPILE : E5/qwe73.ll

📄 Processing qwe74.ll...
❌ COULDNT COMPILE : E5/qwe74.ll

📄 Processing qwe75.ll...
❌ COULDNT COMPILE : E5/qwe75.ll

📄 Processing qwe76.ll...
❌ COULDNT COMPILE : E5/qwe76.ll

📄 Processing qwe77.ll...
❌ COULDNT COMPILE : E5/qwe77.ll

📄 Processing qwe78.ll...
❌ COULDNT COMPILE : E5/qwe78.ll

📄 Processing qwe79.ll...
❌ COULDNT COMPILE : E5/qwe79.ll

📄 Processing qwe80.ll...
❌ COULDNT COMPILE : E5/qwe80.ll

📄 Processing qwe81.ll...
❌ COULDNT COMPILE : E5/qwe81.ll

📄 Processing qwe82.ll...
❌ COULDNT COMPILE : E5/qwe82.ll

📊 Results: 8 passed, 75 failed.
